<?xml version="1.0" encoding="UTF-8"?>
<con:soapui-project id="fbdc5a35-4430-4527-9782-3e07426bc472" activeEnvironment="Default" name="test_Soap" resourceRoot="" soapui-version="5.6.0" abortOnError="false" runType="SEQUENTIAL" xmlns:con="http://eviware.com/soapui/config"><con:settings/><con:interface xsi:type="con:WsdlInterface" id="6adfac4e-755c-4209-8c69-3b3b3c4912b3" wsaVersion="NONE" name="AcervoWSPortBinding" type="wsdl" bindingName="{http://albumsoap/}AcervoWSPortBinding" soapVersion="1_1" anonymous="optional" definition="http://192.168.0.104:8080/acervo?wsdl" xmlns:xsi="http://www.w3.org/2001/XMLSchema-instance"><con:settings/><con:definitionCache type="TEXT" rootPart="http://192.168.0.104:8080/acervo?wsdl"><con:part><con:url>http://192.168.0.104:8080/acervo?wsdl</con:url><con:content><![CDATA[<!--Published by JAX-WS RI (http://jax-ws.java.net). RI's version is JAX-WS RI 2.2.9-b130926.1035 svn-revision#5f6196f2b90e9460065a4c2f4e30e065b245e51e.-->
<!--Generated by JAX-WS RI (http://jax-ws.java.net). RI's version is JAX-WS RI 2.2.9-b130926.1035 svn-revision#5f6196f2b90e9460065a4c2f4e30e065b245e51e.-->
<definitions targetNamespace="http://albumsoap/" name="AcervoWSService" xmlns:wsu="http://docs.oasis-open.org/wss/2004/01/oasis-200401-wss-wssecurity-utility-1.0.xsd" xmlns:wsp="http://www.w3.org/ns/ws-policy" xmlns:wsp1_2="http://schemas.xmlsoap.org/ws/2004/09/policy" xmlns:wsam="http://www.w3.org/2007/05/addressing/metadata" xmlns:soap="http://schemas.xmlsoap.org/wsdl/soap/" xmlns:tns="http://albumsoap/" xmlns:xsd="http://www.w3.org/2001/XMLSchema" xmlns="http://schemas.xmlsoap.org/wsdl/">
  <types>
    <xsd:schema>
      <xsd:import namespace="http://albumsoap/" schemaLocation="http://192.168.0.104:8080/acervo?xsd=1"/>
    </xsd:schema>
  </types>
  <message name="cadastrarAlbum">
    <part name="parameters" element="tns:cadastrarAlbum"/>
  </message>
  <message name="cadastrarAlbumResponse">
    <part name="parameters" element="tns:cadastrarAlbumResponse"/>
  </message>
  <message name="verAlbuns">
    <part name="parameters" element="tns:verAlbuns"/>
  </message>
  <message name="verAlbunsResponse">
    <part name="parameters" element="tns:verAlbunsResponse"/>
  </message>
  <message name="albunsPorAno">
    <part name="parameters" element="tns:albunsPorAno"/>
  </message>
  <message name="albunsPorAnoResponse">
    <part name="parameters" element="tns:albunsPorAnoResponse"/>
  </message>
  <portType name="AcervoWS">
    <operation name="cadastrarAlbum">
      <input wsam:Action="http://albumsoap/AcervoWS/cadastrarAlbumRequest" message="tns:cadastrarAlbum"/>
      <output wsam:Action="http://albumsoap/AcervoWS/cadastrarAlbumResponse" message="tns:cadastrarAlbumResponse"/>
    </operation>
    <operation name="verAlbuns">
      <input wsam:Action="http://albumsoap/AcervoWS/verAlbunsRequest" message="tns:verAlbuns"/>
      <output wsam:Action="http://albumsoap/AcervoWS/verAlbunsResponse" message="tns:verAlbunsResponse"/>
    </operation>
    <operation name="albunsPorAno">
      <input wsam:Action="http://albumsoap/AcervoWS/albunsPorAnoRequest" message="tns:albunsPorAno"/>
      <output wsam:Action="http://albumsoap/AcervoWS/albunsPorAnoResponse" message="tns:albunsPorAnoResponse"/>
    </operation>
  </portType>
  <binding name="AcervoWSPortBinding" type="tns:AcervoWS">
    <soap:binding transport="http://schemas.xmlsoap.org/soap/http" style="document"/>
    <operation name="cadastrarAlbum">
      <soap:operation soapAction=""/>
      <input>
        <soap:body use="literal"/>
      </input>
      <output>
        <soap:body use="literal"/>
      </output>
    </operation>
    <operation name="verAlbuns">
      <soap:operation soapAction=""/>
      <input>
        <soap:body use="literal"/>
      </input>
      <output>
        <soap:body use="literal"/>
      </output>
    </operation>
    <operation name="albunsPorAno">
      <soap:operation soapAction=""/>
      <input>
        <soap:body use="literal"/>
      </input>
      <output>
        <soap:body use="literal"/>
      </output>
    </operation>
  </binding>
  <service name="AcervoWSService">
    <port name="AcervoWSPort" binding="tns:AcervoWSPortBinding">
      <soap:address location="http://192.168.0.104:8080/acervo"/>
    </port>
  </service>
</definitions>]]></con:content><con:type>http://schemas.xmlsoap.org/wsdl/</con:type></con:part><con:part><con:url>http://192.168.0.104:8080/acervo?xsd=1</con:url><con:content><![CDATA[<!--Published by JAX-WS RI (http://jax-ws.java.net). RI's version is JAX-WS RI 2.2.9-b130926.1035 svn-revision#5f6196f2b90e9460065a4c2f4e30e065b245e51e.-->
<xs:schema version="1.0" targetNamespace="http://albumsoap/" xmlns:tns="http://albumsoap/" xmlns:xs="http://www.w3.org/2001/XMLSchema">
  <xs:element name="albunsPorAno" type="tns:albunsPorAno"/>
  <xs:element name="albunsPorAnoResponse" type="tns:albunsPorAnoResponse"/>
  <xs:element name="cadastrarAlbum" type="tns:cadastrarAlbum"/>
  <xs:element name="cadastrarAlbumResponse" type="tns:cadastrarAlbumResponse"/>
  <xs:element name="verAlbuns" type="tns:verAlbuns"/>
  <xs:element name="verAlbunsResponse" type="tns:verAlbunsResponse"/>
  <xs:complexType name="albunsPorAno">
    <xs:sequence>
      <xs:element name="arg0" type="xs:string" minOccurs="0"/>
    </xs:sequence>
  </xs:complexType>
  <xs:complexType name="albunsPorAnoResponse">
    <xs:sequence>
      <xs:element name="album" type="tns:album" minOccurs="0" maxOccurs="unbounded"/>
    </xs:sequence>
  </xs:complexType>
  <xs:complexType name="album">
    <xs:sequence>
      <xs:element name="ano" type="xs:string" minOccurs="0"/>
      <xs:element name="nome" type="xs:string" minOccurs="0"/>
      <xs:element name="produtora" type="xs:string" minOccurs="0"/>
    </xs:sequence>
  </xs:complexType>
  <xs:complexType name="cadastrarAlbum">
    <xs:sequence>
      <xs:element name="arg0" type="tns:album" minOccurs="0"/>
    </xs:sequence>
  </xs:complexType>
  <xs:complexType name="cadastrarAlbumResponse">
    <xs:sequence>
      <xs:element name="album" type="tns:album" minOccurs="0"/>
    </xs:sequence>
  </xs:complexType>
  <xs:complexType name="verAlbuns">
    <xs:sequence/>
  </xs:complexType>
  <xs:complexType name="verAlbunsResponse">
    <xs:sequence>
      <xs:element name="album" type="tns:album" minOccurs="0" maxOccurs="unbounded"/>
    </xs:sequence>
  </xs:complexType>
</xs:schema>]]></con:content><con:type>http://www.w3.org/2001/XMLSchema</con:type></con:part></con:definitionCache><con:endpoints><con:endpoint>http://192.168.0.104:8080/acervo</con:endpoint></con:endpoints><con:operation id="7de667b4-aca2-4162-bf61-ee592d0bbfde" isOneWay="false" action="" name="albunsPorAno" bindingOperationName="albunsPorAno" type="Request-Response" inputName="" receivesAttachments="false" sendsAttachments="false" anonymous="optional"><con:settings/><con:call id="31627025-4161-4e92-9617-1fac7e59356b" name="Request 1"><con:settings><con:setting id="com.eviware.soapui.impl.wsdl.WsdlRequest@request-headers">&lt;xml-fragment/></con:setting></con:settings><con:encoding>UTF-8</con:encoding><con:endpoint>http://192.168.0.104:8080/acervo</con:endpoint><con:request><![CDATA[<soapenv:Envelope xmlns:soapenv="http://schemas.xmlsoap.org/soap/envelope/" xmlns:alb="http://albumsoap/">\r
   <soapenv:Header/>\r
   <soapenv:Body>\r
      <alb:albunsPorAno>\r
         <!--Optional:-->\r
         <arg0></arg0>\r
      </alb:albunsPorAno>\r
   </soapenv:Body>\r
</soapenv:Envelope>]]></con:request><con:credentials><con:authType>No Authorization</con:authType></con:credentials><con:jmsConfig JMSDeliveryMode="PERSISTENT"/><con:jmsPropertyConfig/><con:wsaConfig mustUnderstand="NONE" version="200508" action="http://albumsoap/AcervoWS/albunsPorAnoRequest"/><con:wsrmConfig version="1.2"/></con:call></con:operation><con:operation id="6bc1d421-dc07-48a6-b355-96e71b6182db" isOneWay="false" action="" name="cadastrarAlbum" bindingOperationName="cadastrarAlbum" type="Request-Response" inputName="" receivesAttachments="false" sendsAttachments="false" anonymous="optional"><con:settings/><con:call id="0eb8b2dc-4750-46fd-95d5-9b3204ad0016" name="Request 1"><con:settings><con:setting id="com.eviware.soapui.impl.wsdl.WsdlRequest@request-headers">&lt;xml-fragment/></con:setting></con:settings><con:encoding>UTF-8</con:encoding><con:endpoint>http://192.168.0.104:8080/acervo</con:endpoint><con:request><![CDATA[<soapenv:Envelope xmlns:soapenv="http://schemas.xmlsoap.org/soap/envelope/" xmlns:alb="http://albumsoap/">\r
   <soapenv:Header/>\r
   <soapenv:Body>\r
      <alb:cadastrarAlbum>\r
         <!--Optional:-->\r
         <arg0>\r
            <!--Optional:-->\r
            <ano>2005</ano>\r
            <!--Optional:-->\r
            <nome>Charlie Brown Jr.</nome>\r
            <!--Optional:-->\r
            <produtora>LÃ¡b. Fantasma</produtora>\r
         </arg0>\r
      </alb:cadastrarAlbum>\r
   </soapenv:Body>\r
</soapenv:Envelope>]]></con:request><con:credentials><con:authType>No Authorization</con:authType></con:credentials><con:jmsConfig JMSDeliveryMode="PERSISTENT"/><con:jmsPropertyConfig/><con:wsaConfig mustUnderstand="NONE" version="200508" action="http://albumsoap/AcervoWS/cadastrarAlbumRequest"/><con:wsrmConfig version="1.2"/></con:call></con:operation><con:operation id="097d9d58-de10-4f08-a3a7-ed12c8b53852" isOneWay="false" action="" name="verAlbuns" bindingOperationName="verAlbuns" type="Request-Response" inputName="" receivesAttachments="false" sendsAttachments="false" anonymous="optional"><con:settings/><con:call id="5bb80f54-b0b4-4384-ae23-f18756592c7a" name="Request 1"><con:settings><con:setting id="com.eviware.soapui.impl.wsdl.WsdlRequest@request-headers">&lt;xml-fragment/></con:setting></con:settings><con:encoding>UTF-8</con:encoding><con:endpoint>http://192.168.0.104:8080/acervo</con:endpoint><con:request><![CDATA[<soapenv:Envelope xmlns:soapenv="http://schemas.xmlsoap.org/soap/envelope/" xmlns:alb="http://albumsoap/">\r
   <soapenv:Header/>\r
   <soapenv:Body>\r
      <alb:verAlbuns/>\r
   </soapenv:Body>\r
</soapenv:Envelope>]]></con:request><con:credentials><con:authType>No Authorization</con:authType></con:credentials><con:jmsConfig JMSDeliveryMode="PERSISTENT"/><con:jmsPropertyConfig/><con:wsaConfig mustUnderstand="NONE" version="200508" action="http://albumsoap/AcervoWS/verAlbunsRequest"/><con:wsrmConfig version="1.2"/></con:call></con:operation></con:interface><con:properties/><con:wssContainer/><con:oAuth2ProfileContainer/><con:oAuth1ProfileContainer/></con:soapui-project>